_center=[2994.0298,223.59964,6353.9644];

_position=[-0.30737305,1.944809,-2.7832031];_angles=[6.2384152,3.8136489,6.247201];_type="Land_HBarrier_5_F";

_position=[-1.7651367,2.1669312,1.1157227];_angles=[6.2384152,2.2230258,6.247201];_type="Land_HBarrier_5_F";

_position=[-7.5603027,1.9294128,-0.75976563];_angles=[6.2384167,0.65746379,0.03358667];_type="Land_Pallet_MilBoxes_F";_position=[-4.2094727,1.3938141,-6.7631836];_angles=[6.2400126,3.8165114,6.1637564];_type="Land_BagFence_Long_F";

_position=[-5.793457,2.0390167,2.3398438];_angles=[6.2384152,0.57054991,6.247201];_type="Land_BagFence_End_F";

_position=[-8.7480469,2.5738068,-3.315918];_angles=[6.2631893,3.8165114,0.008802644];_disableSimulation=1;_type="Land_HBarrier_Big_F";

_position=[-8.1611328,2.1861725,1.8974609];_angles=[6.2384167,0.65746379,0.03358667];_type="Land_PaperBox_open_full_F";

_position=[-9.3286133,2.0733032,0.27490234];_angles=[6.2384167,0.65746379,0.03358667];_type="Land_PaperBox_open_empty_F";

_position=[-2.7993164,1.1607971,-7.9360352];_angles=[6.2400126,0.65746379,6.1637564];_type="Land_BagFence_End_F";

_position=[-7.4375,2.0861359,3.3334961];_angles=[6.2384167,3.729594,0.03358667];_type="Land_BagFence_Long_F";

_position=[1.2663574,1.9324036,-6.2172852];_angles=[6.1566639,0.65746379,6.247201];_type="CamoNet_BLUFOR_open_Curator_F";

_position=[-10.796387,2.724411,2.4506836];_angles=[6.2384167,2.1759019,0.03358667];_disableSimulation=1;_type="Land_HBarrier_Big_F";

_position=[-2.6174316,2.1967773,6.5302734];_angles=[6.197794,0.55972362,0.0048090173];_type="Land_BagFence_Long_F";

_position=[1.7045898,2.4574432,5.5629883];_angles=[6.197794,5.3524013,0.0048090173];_type="Land_HBarrier_5_F";

_position=[1.4133301,0.59959412,-10.996094];_angles=[6.1566639,3.7816048,6.247201];_type="Land_BagFence_End_F";

_position=[7.2263184,1.8597412,-1.921875];_angles=[0,0.65746379,0];_type="Land_Cargo_House_V1_F";

_position=[-5.9162598,3.1802673,9.2207031];_angles=[6.2344246,2.2108085,0.004796607];_disableSimulation=1;_type="Land_HBarrier_Big_F";

_position=[4.6665039,5.2550354,5.8227539];_angles=[0,5.3631697,0];_type="Land_Loudspeakers_F";

_position=[2.8989258,0.41931152,-12.068848];_angles=[6.1566639,3.7466981,6.247201];_type="Land_BagFence_Long_F";

_position=[1.8364258,2.4070435,8.8876953];_angles=[6.2344246,0.6165306,0.004796607];_type="Land_BagFence_Long_F";

_position=[6.5678711,3.0480652,6.6337891];_angles=[6.197794,3.7816048,6.2551923];_disableSimulation=1;_type="Land_HBarrierBig_F";

_position=[-2.3657227,2.5247345,11.713379];_angles=[6.2344246,0.5634743,0.004796607];_type="Land_BagFence_Long_F";

_position=[7.2050781,1.3679657,-10.658691];_angles=[6.1566639,2.2457151,0.055942677];_disableSimulation=1;_type="Land_HBarrier_Big_F";

_position=[12.457031,1.962738,-4.0395508];_angles=[6.2400126,2.2457151,6.2551923];_disableSimulation=1;_type="Land_HBarrier_Big_F";

_position=[13.260742,2.4120026,1.6308594];_angles=[6.19065,0.70982367,6.2623858];_disableSimulation=1;_type="Land_HBarrier_Big_F";

_position=[8.8845215,2.3088531,-0.092773438];_angles=[-0,0.72005302,0];_disableSimulation=1;_type="Land_CampingTable_F";

_position=[8.4174805,2.7422485,0.12451172];_angles=[3.1416044,3.1416073,4.8179283];_disableSimulation=1;_type="Land_BottlePlastic_V1_F";


